
 

2026-06-23T15:10:10.239011015Z working orders
|--------------------------+---------+----------+--------+------+---------+--------+----------+-------------+------------+-----------+------|
| date                     | account | order-id |  asset | side |     qty |   type |   status | qty-working | qty-filled | avg-price | text |
|--------------------------+---------+----------+--------+------+---------+--------+----------+-------------+------------+-----------+------|
| 2026-06-23T15:10:10.233Z | 1       | dtb56s   | EURUSD | :buy | 10000.0 | :limit | :working |     10000.0 |          0 |           |      |
|--------------------------+---------+----------+--------+------+---------+--------+----------+-------------+------------+-----------+------|

2026-06-23T15:10:10.240336570Z working orders
|--------------------------+---------+----------+--------+------+---------+--------+----------+-------------+------------+-----------+------|
| date                     | account | order-id |  asset | side |     qty |   type |   status | qty-working | qty-filled | avg-price | text |
|--------------------------+---------+----------+--------+------+---------+--------+----------+-------------+------------+-----------+------|
| 2026-06-23T01:49:11.039Z | 1       | dtb56s   | EURUSD | :buy | 10000.0 | :limit | :working |     10000.0 |          0 |           |      |
|--------------------------+---------+----------+--------+------+---------+--------+----------+-------------+------------+-----------+------|

2026-06-23T15:10:10.241451599Z working orders
|--------------------------+---------+----------+--------+------+---------+--------+----------+-------------+------------+-----------+------|
| date                     | account | order-id |  asset | side |     qty |   type |   status | qty-working | qty-filled | avg-price | text |
|--------------------------+---------+----------+--------+------+---------+--------+----------+-------------+------------+-----------+------|
| 2026-06-23T15:10:10.236Z | 1000    | QyFy2N   | EURUSD | :buy | 25000.0 | :limit | :working |     25000.0 |          0 |           |      |
| 2026-06-23T01:49:11.039Z | 1       | dtb56s   | EURUSD | :buy | 10000.0 | :limit | :working |     10000.0 |          0 |           |      |
|--------------------------+---------+----------+--------+------+---------+--------+----------+-------------+------------+-----------+------|

2026-06-23T15:10:10.242465222Z working orders
|--------------------------+---------+----------+--------+------+---------+--------+----------+-------------+------------+-----------+------|
| date                     | account | order-id |  asset | side |     qty |   type |   status | qty-working | qty-filled | avg-price | text |
|--------------------------+---------+----------+--------+------+---------+--------+----------+-------------+------------+-----------+------|
| 2026-06-23T01:49:11.120Z | 1000    | QyFy2N   | EURUSD | :buy | 25000.0 | :limit | :working |     25000.0 |          0 |           |      |
| 2026-06-23T01:49:11.039Z | 1       | dtb56s   | EURUSD | :buy | 10000.0 | :limit | :working |      5000.0 |     5000.0 |    1.1260 |      |
|--------------------------+---------+----------+--------+------+---------+--------+----------+-------------+------------+-----------+------|

2026-06-23T15:10:10.247703394Z open positions
|--------------------------+---------+--------+-------+------+----------+---------+-----------+----------+-------------|
| date-opened              | account |  asset |  side | open | qty-open | qty-max | avg-entry | avg-exit | realized-pl |
|--------------------------+---------+--------+-------+------+----------+---------+-----------+----------+-------------|
| 2026-06-23T01:50:01.053Z | 1       | EURUSD | :long | true |   5000.0 |  5000.0 |    1.1260 |   1.1260 |           0 |
|--------------------------+---------+--------+-------+------+----------+---------+-----------+----------+-------------|

2026-06-23T15:10:10.248305971Z open positions
|--------------------------+---------+--------+-------+------+----------+---------+-----------+----------+-------------|
| date-opened              | account |  asset |  side | open | qty-open | qty-max | avg-entry | avg-exit | realized-pl |
|--------------------------+---------+--------+-------+------+----------+---------+-----------+----------+-------------|
| 2026-06-23T01:50:01.053Z | 1       | EURUSD | :long | true |  10000.0 | 10000.0 |    1.1260 |   1.1260 |           0 |
|--------------------------+---------+--------+-------+------+----------+---------+-----------+----------+-------------|

2026-06-23T15:10:10.248360686Z working orders
|--------------------------+---------+----------+--------+------+---------+--------+----------+-------------+------------+-----------+------|
| date                     | account | order-id |  asset | side |     qty |   type |   status | qty-working | qty-filled | avg-price | text |
|--------------------------+---------+----------+--------+------+---------+--------+----------+-------------+------------+-----------+------|
| 2026-06-23T01:49:11.120Z | 1000    | QyFy2N   | EURUSD | :buy | 25000.0 | :limit | :working |     25000.0 |          0 |           |      |
|--------------------------+---------+----------+--------+------+---------+--------+----------+-------------+------------+-----------+------|

2026-06-23T15:10:10.249470327Z working orders
|--------------------------+---------+----------+--------+------+---------+--------+----------+-------------+------------+-----------+------|
| date                     | account | order-id |  asset | side |     qty |   type |   status | qty-working | qty-filled | avg-price | text |
|--------------------------+---------+----------+--------+------+---------+--------+----------+-------------+------------+-----------+------|
| 2026-06-23T15:10:10.248Z | 1       | 67Mmol   | EURUSD | :buy | 10000.0 | :limit | :working |     10000.0 |          0 |           |      |
| 2026-06-23T01:49:11.120Z | 1000    | QyFy2N   | EURUSD | :buy | 25000.0 | :limit | :working |     25000.0 |          0 |           |      |
|--------------------------+---------+----------+--------+------+---------+--------+----------+-------------+------------+-----------+------|

2026-06-23T15:10:10.250307978Z working orders
|--------------------------+---------+----------+--------+------+---------+--------+----------+-------------+------------+-----------+------|
| date                     | account | order-id |  asset | side |     qty |   type |   status | qty-working | qty-filled | avg-price | text |
|--------------------------+---------+----------+--------+------+---------+--------+----------+-------------+------------+-----------+------|
| 2026-06-23T15:00:11.370Z | 1       | 67Mmol   | EURUSD | :buy | 10000.0 | :limit | :working |     10000.0 |          0 |           |      |
| 2026-06-23T01:49:11.120Z | 1000    | QyFy2N   | EURUSD | :buy | 25000.0 | :limit | :working |     25000.0 |          0 |           |      |
|--------------------------+---------+----------+--------+------+---------+--------+----------+-------------+------------+-----------+------|

2026-06-23T15:10:10.251424901Z working orders
|--------------------------+---------+----------+--------+------+---------+--------+----------+-------------+------------+-----------+------|
| date                     | account | order-id |  asset | side |     qty |   type |   status | qty-working | qty-filled | avg-price | text |
|--------------------------+---------+----------+--------+------+---------+--------+----------+-------------+------------+-----------+------|
| 2026-06-23T15:00:11.370Z | 1       | 67Mmol   | EURUSD | :buy | 10000.0 | :limit | :working |     10000.0 |          0 |           |      |
| 2026-06-23T01:49:11.120Z | 1000    | QyFy2N   | EURUSD | :buy | 25000.0 | :limit | :working |     25000.0 |          0 |           |      |
| 2026-06-23T15:10:10.249Z | 1000    | rDRL3w   | EURUSD | :buy | 25000.0 | :limit | :working |     25000.0 |          0 |           |      |
|--------------------------+---------+----------+--------+------+---------+--------+----------+-------------+------------+-----------+------|

2026-06-23T15:10:10.252263113Z working orders
|--------------------------+---------+----------+--------+------+---------+--------+----------+-------------+------------+-----------+------|
| date                     | account | order-id |  asset | side |     qty |   type |   status | qty-working | qty-filled | avg-price | text |
|--------------------------+---------+----------+--------+------+---------+--------+----------+-------------+------------+-----------+------|
| 2026-06-23T15:00:11.370Z | 1       | 67Mmol   | EURUSD | :buy | 10000.0 | :limit | :working |     10000.0 |          0 |           |      |
| 2026-06-23T01:49:11.120Z | 1000    | QyFy2N   | EURUSD | :buy | 25000.0 | :limit | :working |     25000.0 |          0 |           |      |
| 2026-06-23T15:00:11.445Z | 1000    | rDRL3w   | EURUSD | :buy | 25000.0 | :limit | :working |     25000.0 |          0 |           |      |
|--------------------------+---------+----------+--------+------+---------+--------+----------+-------------+------------+-----------+------|

2026-06-23T15:10:10.252344409Z open positions
|--------------------------+---------+--------+-------+------+----------+---------+-----------+----------+-------------|
| date-opened              | account |  asset |  side | open | qty-open | qty-max | avg-entry | avg-exit | realized-pl |
|--------------------------+---------+--------+-------+------+----------+---------+-----------+----------+-------------|
| 2026-06-23T01:50:01.053Z | 1       | EURUSD | :long | true |  15000.0 | 15000.0 |    1.1260 |   1.1260 |           0 |
|--------------------------+---------+--------+-------+------+----------+---------+-----------+----------+-------------|

2026-06-23T15:10:10.253231289Z working orders
|--------------------------+---------+----------+--------+------+---------+--------+----------+-------------+------------+-----------+------|
| date                     | account | order-id |  asset | side |     qty |   type |   status | qty-working | qty-filled | avg-price | text |
|--------------------------+---------+----------+--------+------+---------+--------+----------+-------------+------------+-----------+------|
| 2026-06-23T15:00:11.370Z | 1       | 67Mmol   | EURUSD | :buy | 10000.0 | :limit | :working |      5000.0 |     5000.0 |    1.1260 |      |
| 2026-06-23T01:49:11.120Z | 1000    | QyFy2N   | EURUSD | :buy | 25000.0 | :limit | :working |     25000.0 |          0 |           |      |
| 2026-06-23T15:00:11.445Z | 1000    | rDRL3w   | EURUSD | :buy | 25000.0 | :limit | :working |     25000.0 |          0 |           |      |
|--------------------------+---------+----------+--------+------+---------+--------+----------+-------------+------------+-----------+------|
